C:\USERS\Денис\DESKTOP\VIDEOTUTORIALS\программы\3. INT,CHAR,DOUBLE\TIME\DEBUG\MAIN.OBJ
C:\USERS\ДЕНИС\DESKTOP\VIDEOTUTORIALS\ПРОГРАММЫ\3. INT,CHAR,DOUBLE\TIME\DEBUG\VC110.PDB
C:\USERS\Денис\DESKTOP\VIDEOTUTORIALS\программы\3. INT,CHAR,DOUBLE\DEBUG\TIME.ILK
C:\USERS\Денис\DESKTOP\VIDEOTUTORIALS\программы\3. INT,CHAR,DOUBLE\DEBUG\TIME.EXE
C:\USERS\ДЕНИС\DESKTOP\VIDEOTUTORIALS\ПРОГРАММЫ\3. INT,CHAR,DOUBLE\DEBUG\TIME.PDB
C:\Users\Денис\Desktop\videoTutorials\программы\3. Int,char,double\time\Debug\main.obj
C:\Users\Денис\Desktop\videoTutorials\программы\3. Int,char,double\time\Debug\cl.command.1.tlog
C:\Users\Денис\Desktop\videoTutorials\программы\3. Int,char,double\time\Debug\CL.read.1.tlog
C:\Users\Денис\Desktop\videoTutorials\программы\3. Int,char,double\time\Debug\CL.write.1.tlog
C:\Users\Денис\Desktop\videoTutorials\программы\3. Int,char,double\time\Debug\link-cvtres.read.1.tlog
C:\Users\Денис\Desktop\videoTutorials\программы\3. Int,char,double\time\Debug\link-cvtres.write.1.tlog
C:\Users\Денис\Desktop\videoTutorials\программы\3. Int,char,double\time\Debug\link-rc.read.1.tlog
C:\Users\Денис\Desktop\videoTutorials\программы\3. Int,char,double\time\Debug\link-rc.write.1.tlog
C:\Users\Денис\Desktop\videoTutorials\программы\3. Int,char,double\time\Debug\link.command.1.tlog
C:\Users\Денис\Desktop\videoTutorials\программы\3. Int,char,double\time\Debug\link.read.1.tlog
C:\Users\Денис\Desktop\videoTutorials\программы\3. Int,char,double\time\Debug\link.write.1.tlog
C:\Users\Денис\Desktop\videoTutorials\программы\3. Int,char,double\time\Debug\vc110.idb
C:\Users\Денис\Desktop\videoTutorials\программы\3. Int,char,double\time\Debug\vc110.pdb
C:\Users\Денис\Desktop\videoTutorials\программы\3. Int,char,double\Debug\time.pdb
C:\Users\Денис\Desktop\videoTutorials\программы\3. Int,char,double\Debug\time.exe
C:\Users\Денис\Desktop\videoTutorials\программы\3. Int,char,double\Debug\time.ilk
