C:\USERS\Денис\DESKTOP\VIDEOTUTORIALS\программы\19.CLASS\19.CLASS\DEBUG\SOURCE.OBJ
C:\USERS\ДЕНИС\DESKTOP\VIDEOTUTORIALS\ПРОГРАММЫ\19.CLASS\19.CLASS\DEBUG\VC110.PDB
C:\USERS\Денис\DESKTOP\VIDEOTUTORIALS\программы\19.CLASS\19.CLASS\DEBUG\ACCOUNT.OBJ
C:\USERS\Денис\DESKTOP\VIDEOTUTORIALS\программы\19.CLASS\DEBUG\19.CLASS.ILK
C:\USERS\Денис\DESKTOP\VIDEOTUTORIALS\программы\19.CLASS\DEBUG\19.CLASS.EXE
C:\USERS\ДЕНИС\DESKTOP\VIDEOTUTORIALS\ПРОГРАММЫ\19.CLASS\DEBUG\19.CLASS.PDB
C:\Users\Денис\Desktop\videoTutorials\программы\19.Class\19.Class\Debug\Account.obj
C:\Users\Денис\Desktop\videoTutorials\программы\19.Class\19.Class\Debug\Source.obj
C:\Users\Денис\Desktop\videoTutorials\программы\19.Class\19.Class\Debug\cl.command.1.tlog
C:\Users\Денис\Desktop\videoTutorials\программы\19.Class\19.Class\Debug\CL.read.1.tlog
C:\Users\Денис\Desktop\videoTutorials\программы\19.Class\19.Class\Debug\CL.write.1.tlog
C:\Users\Денис\Desktop\videoTutorials\программы\19.Class\19.Class\Debug\link-cvtres.read.1.tlog
C:\Users\Денис\Desktop\videoTutorials\программы\19.Class\19.Class\Debug\link-cvtres.write.1.tlog
C:\Users\Денис\Desktop\videoTutorials\программы\19.Class\19.Class\Debug\link-rc.read.1.tlog
C:\Users\Денис\Desktop\videoTutorials\программы\19.Class\19.Class\Debug\link-rc.write.1.tlog
C:\Users\Денис\Desktop\videoTutorials\программы\19.Class\19.Class\Debug\link.168-cvtres.read.1.tlog
C:\Users\Денис\Desktop\videoTutorials\программы\19.Class\19.Class\Debug\link.168-cvtres.write.1.tlog
C:\Users\Денис\Desktop\videoTutorials\программы\19.Class\19.Class\Debug\link.168-rc.read.1.tlog
C:\Users\Денис\Desktop\videoTutorials\программы\19.Class\19.Class\Debug\link.168-rc.write.1.tlog
C:\Users\Денис\Desktop\videoTutorials\программы\19.Class\19.Class\Debug\link.168.read.1.tlog
C:\Users\Денис\Desktop\videoTutorials\программы\19.Class\19.Class\Debug\link.168.write.1.tlog
C:\Users\Денис\Desktop\videoTutorials\программы\19.Class\19.Class\Debug\link.208-cvtres.read.1.tlog
C:\Users\Денис\Desktop\videoTutorials\программы\19.Class\19.Class\Debug\link.208-cvtres.write.1.tlog
C:\Users\Денис\Desktop\videoTutorials\программы\19.Class\19.Class\Debug\link.208-rc.read.1.tlog
C:\Users\Денис\Desktop\videoTutorials\программы\19.Class\19.Class\Debug\link.208-rc.write.1.tlog
C:\Users\Денис\Desktop\videoTutorials\программы\19.Class\19.Class\Debug\link.208.read.1.tlog
C:\Users\Денис\Desktop\videoTutorials\программы\19.Class\19.Class\Debug\link.208.write.1.tlog
C:\Users\Денис\Desktop\videoTutorials\программы\19.Class\19.Class\Debug\link.2292-cvtres.read.1.tlog
C:\Users\Денис\Desktop\videoTutorials\программы\19.Class\19.Class\Debug\link.2292-cvtres.write.1.tlog
C:\Users\Денис\Desktop\videoTutorials\программы\19.Class\19.Class\Debug\link.2292-rc.read.1.tlog
C:\Users\Денис\Desktop\videoTutorials\программы\19.Class\19.Class\Debug\link.2292-rc.write.1.tlog
C:\Users\Денис\Desktop\videoTutorials\программы\19.Class\19.Class\Debug\link.2292.read.1.tlog
C:\Users\Денис\Desktop\videoTutorials\программы\19.Class\19.Class\Debug\link.2292.write.1.tlog
C:\Users\Денис\Desktop\videoTutorials\программы\19.Class\19.Class\Debug\link.2780-cvtres.read.1.tlog
C:\Users\Денис\Desktop\videoTutorials\программы\19.Class\19.Class\Debug\link.2780-cvtres.write.1.tlog
C:\Users\Денис\Desktop\videoTutorials\программы\19.Class\19.Class\Debug\link.2780-rc.read.1.tlog
C:\Users\Денис\Desktop\videoTutorials\программы\19.Class\19.Class\Debug\link.2780-rc.write.1.tlog
C:\Users\Денис\Desktop\videoTutorials\программы\19.Class\19.Class\Debug\link.2780.read.1.tlog
C:\Users\Денис\Desktop\videoTutorials\программы\19.Class\19.Class\Debug\link.2780.write.1.tlog
C:\Users\Денис\Desktop\videoTutorials\программы\19.Class\19.Class\Debug\link.2884-cvtres.read.1.tlog
C:\Users\Денис\Desktop\videoTutorials\программы\19.Class\19.Class\Debug\link.2884-cvtres.write.1.tlog
C:\Users\Денис\Desktop\videoTutorials\программы\19.Class\19.Class\Debug\link.2884-rc.read.1.tlog
C:\Users\Денис\Desktop\videoTutorials\программы\19.Class\19.Class\Debug\link.2884-rc.write.1.tlog
C:\Users\Денис\Desktop\videoTutorials\программы\19.Class\19.Class\Debug\link.2884.read.1.tlog
C:\Users\Денис\Desktop\videoTutorials\программы\19.Class\19.Class\Debug\link.2884.write.1.tlog
C:\Users\Денис\Desktop\videoTutorials\программы\19.Class\19.Class\Debug\link.3076-cvtres.read.1.tlog
C:\Users\Денис\Desktop\videoTutorials\программы\19.Class\19.Class\Debug\link.3076-cvtres.write.1.tlog
C:\Users\Денис\Desktop\videoTutorials\программы\19.Class\19.Class\Debug\link.3076-rc.read.1.tlog
C:\Users\Денис\Desktop\videoTutorials\программы\19.Class\19.Class\Debug\link.3076-rc.write.1.tlog
C:\Users\Денис\Desktop\videoTutorials\программы\19.Class\19.Class\Debug\link.3076.read.1.tlog
C:\Users\Денис\Desktop\videoTutorials\программы\19.Class\19.Class\Debug\link.3076.write.1.tlog
C:\Users\Денис\Desktop\videoTutorials\программы\19.Class\19.Class\Debug\link.3580-cvtres.read.1.tlog
C:\Users\Денис\Desktop\videoTutorials\программы\19.Class\19.Class\Debug\link.3580-cvtres.write.1.tlog
C:\Users\Денис\Desktop\videoTutorials\программы\19.Class\19.Class\Debug\link.3580-rc.read.1.tlog
C:\Users\Денис\Desktop\videoTutorials\программы\19.Class\19.Class\Debug\link.3580-rc.write.1.tlog
C:\Users\Денис\Desktop\videoTutorials\программы\19.Class\19.Class\Debug\link.3580.read.1.tlog
C:\Users\Денис\Desktop\videoTutorials\программы\19.Class\19.Class\Debug\link.3580.write.1.tlog
C:\Users\Денис\Desktop\videoTutorials\программы\19.Class\19.Class\Debug\link.3728-cvtres.read.1.tlog
C:\Users\Денис\Desktop\videoTutorials\программы\19.Class\19.Class\Debug\link.3728-cvtres.write.1.tlog
C:\Users\Денис\Desktop\videoTutorials\программы\19.Class\19.Class\Debug\link.3728-rc.read.1.tlog
C:\Users\Денис\Desktop\videoTutorials\программы\19.Class\19.Class\Debug\link.3728-rc.write.1.tlog
C:\Users\Денис\Desktop\videoTutorials\программы\19.Class\19.Class\Debug\link.3728.read.1.tlog
C:\Users\Денис\Desktop\videoTutorials\программы\19.Class\19.Class\Debug\link.3728.write.1.tlog
C:\Users\Денис\Desktop\videoTutorials\программы\19.Class\19.Class\Debug\link.4056-cvtres.read.1.tlog
C:\Users\Денис\Desktop\videoTutorials\программы\19.Class\19.Class\Debug\link.4056-cvtres.write.1.tlog
C:\Users\Денис\Desktop\videoTutorials\программы\19.Class\19.Class\Debug\link.4056-rc.read.1.tlog
C:\Users\Денис\Desktop\videoTutorials\программы\19.Class\19.Class\Debug\link.4056-rc.write.1.tlog
C:\Users\Денис\Desktop\videoTutorials\программы\19.Class\19.Class\Debug\link.4056.read.1.tlog
C:\Users\Денис\Desktop\videoTutorials\программы\19.Class\19.Class\Debug\link.4056.write.1.tlog
C:\Users\Денис\Desktop\videoTutorials\программы\19.Class\19.Class\Debug\link.4604-cvtres.read.1.tlog
C:\Users\Денис\Desktop\videoTutorials\программы\19.Class\19.Class\Debug\link.4604-cvtres.write.1.tlog
C:\Users\Денис\Desktop\videoTutorials\программы\19.Class\19.Class\Debug\link.4604-rc.read.1.tlog
C:\Users\Денис\Desktop\videoTutorials\программы\19.Class\19.Class\Debug\link.4604-rc.write.1.tlog
C:\Users\Денис\Desktop\videoTutorials\программы\19.Class\19.Class\Debug\link.4604.read.1.tlog
C:\Users\Денис\Desktop\videoTutorials\программы\19.Class\19.Class\Debug\link.4604.write.1.tlog
C:\Users\Денис\Desktop\videoTutorials\программы\19.Class\19.Class\Debug\link.4720-cvtres.read.1.tlog
C:\Users\Денис\Desktop\videoTutorials\программы\19.Class\19.Class\Debug\link.4720-cvtres.write.1.tlog
C:\Users\Денис\Desktop\videoTutorials\программы\19.Class\19.Class\Debug\link.4720-rc.read.1.tlog
C:\Users\Денис\Desktop\videoTutorials\программы\19.Class\19.Class\Debug\link.4720-rc.write.1.tlog
C:\Users\Денис\Desktop\videoTutorials\программы\19.Class\19.Class\Debug\link.4720.read.1.tlog
C:\Users\Денис\Desktop\videoTutorials\программы\19.Class\19.Class\Debug\link.4720.write.1.tlog
C:\Users\Денис\Desktop\videoTutorials\программы\19.Class\19.Class\Debug\link.5684-cvtres.read.1.tlog
C:\Users\Денис\Desktop\videoTutorials\программы\19.Class\19.Class\Debug\link.5684-cvtres.write.1.tlog
C:\Users\Денис\Desktop\videoTutorials\программы\19.Class\19.Class\Debug\link.5684-rc.read.1.tlog
C:\Users\Денис\Desktop\videoTutorials\программы\19.Class\19.Class\Debug\link.5684-rc.write.1.tlog
C:\Users\Денис\Desktop\videoTutorials\программы\19.Class\19.Class\Debug\link.5684.read.1.tlog
C:\Users\Денис\Desktop\videoTutorials\программы\19.Class\19.Class\Debug\link.5684.write.1.tlog
C:\Users\Денис\Desktop\videoTutorials\программы\19.Class\19.Class\Debug\link.5732-cvtres.read.1.tlog
C:\Users\Денис\Desktop\videoTutorials\программы\19.Class\19.Class\Debug\link.5732-cvtres.write.1.tlog
C:\Users\Денис\Desktop\videoTutorials\программы\19.Class\19.Class\Debug\link.5732-rc.read.1.tlog
C:\Users\Денис\Desktop\videoTutorials\программы\19.Class\19.Class\Debug\link.5732-rc.write.1.tlog
C:\Users\Денис\Desktop\videoTutorials\программы\19.Class\19.Class\Debug\link.5732.read.1.tlog
C:\Users\Денис\Desktop\videoTutorials\программы\19.Class\19.Class\Debug\link.5732.write.1.tlog
C:\Users\Денис\Desktop\videoTutorials\программы\19.Class\19.Class\Debug\link.900-cvtres.read.1.tlog
C:\Users\Денис\Desktop\videoTutorials\программы\19.Class\19.Class\Debug\link.900-cvtres.write.1.tlog
C:\Users\Денис\Desktop\videoTutorials\программы\19.Class\19.Class\Debug\link.900-rc.read.1.tlog
C:\Users\Денис\Desktop\videoTutorials\программы\19.Class\19.Class\Debug\link.900-rc.write.1.tlog
C:\Users\Денис\Desktop\videoTutorials\программы\19.Class\19.Class\Debug\link.900.read.1.tlog
C:\Users\Денис\Desktop\videoTutorials\программы\19.Class\19.Class\Debug\link.900.write.1.tlog
C:\Users\Денис\Desktop\videoTutorials\программы\19.Class\19.Class\Debug\link.command.1.tlog
C:\Users\Денис\Desktop\videoTutorials\программы\19.Class\19.Class\Debug\link.read.1.tlog
C:\Users\Денис\Desktop\videoTutorials\программы\19.Class\19.Class\Debug\link.write.1.tlog
C:\Users\Денис\Desktop\videoTutorials\программы\19.Class\19.Class\Debug\vc110.idb
C:\Users\Денис\Desktop\videoTutorials\программы\19.Class\19.Class\Debug\vc110.pdb
C:\Users\Денис\Desktop\videoTutorials\программы\19.Class\Debug\19.Class.pdb
C:\Users\Денис\Desktop\videoTutorials\программы\19.Class\Debug\19.Class.exe
C:\Users\Денис\Desktop\videoTutorials\программы\19.Class\Debug\19.Class.ilk
