C:\USERS\Денис\DESKTOP\VIDEOTUTORIALS\программы\14. Список\14. Список\DEBUG\SOURCE.OBJ
C:\USERS\ДЕНИС\DESKTOP\VIDEOTUTORIALS\ПРОГРАММЫ\14. СПИСОК\14. СПИСОК\DEBUG\VC110.PDB
C:\USERS\Денис\DESKTOP\VIDEOTUTORIALS\программы\14. Список\DEBUG\14. Список.ILK
C:\USERS\Денис\DESKTOP\VIDEOTUTORIALS\программы\14. Список\DEBUG\14. Список.EXE
C:\USERS\ДЕНИС\DESKTOP\VIDEOTUTORIALS\ПРОГРАММЫ\14. СПИСОК\DEBUG\14. СПИСОК.PDB
C:\Users\Денис\Desktop\videoTutorials\программы\14. Список\14. Список\Debug\Source.obj
C:\Users\Денис\Desktop\videoTutorials\программы\14. Список\14. Список\Debug\cl.command.1.tlog
C:\Users\Денис\Desktop\videoTutorials\программы\14. Список\14. Список\Debug\CL.read.1.tlog
C:\Users\Денис\Desktop\videoTutorials\программы\14. Список\14. Список\Debug\CL.write.1.tlog
C:\Users\Денис\Desktop\videoTutorials\программы\14. Список\14. Список\Debug\link-cvtres.read.1.tlog
C:\Users\Денис\Desktop\videoTutorials\программы\14. Список\14. Список\Debug\link-cvtres.write.1.tlog
C:\Users\Денис\Desktop\videoTutorials\программы\14. Список\14. Список\Debug\link-rc.read.1.tlog
C:\Users\Денис\Desktop\videoTutorials\программы\14. Список\14. Список\Debug\link-rc.write.1.tlog
C:\Users\Денис\Desktop\videoTutorials\программы\14. Список\14. Список\Debug\link.6180-cvtres.read.1.tlog
C:\Users\Денис\Desktop\videoTutorials\программы\14. Список\14. Список\Debug\link.6180-cvtres.write.1.tlog
C:\Users\Денис\Desktop\videoTutorials\программы\14. Список\14. Список\Debug\link.6180-rc.read.1.tlog
C:\Users\Денис\Desktop\videoTutorials\программы\14. Список\14. Список\Debug\link.6180-rc.write.1.tlog
C:\Users\Денис\Desktop\videoTutorials\программы\14. Список\14. Список\Debug\link.6180.read.1.tlog
C:\Users\Денис\Desktop\videoTutorials\программы\14. Список\14. Список\Debug\link.6180.write.1.tlog
C:\Users\Денис\Desktop\videoTutorials\программы\14. Список\14. Список\Debug\link.command.1.tlog
C:\Users\Денис\Desktop\videoTutorials\программы\14. Список\14. Список\Debug\link.read.1.tlog
C:\Users\Денис\Desktop\videoTutorials\программы\14. Список\14. Список\Debug\link.write.1.tlog
C:\Users\Денис\Desktop\videoTutorials\программы\14. Список\14. Список\Debug\vc110.idb
C:\Users\Денис\Desktop\videoTutorials\программы\14. Список\14. Список\Debug\vc110.pdb
C:\Users\Денис\Desktop\videoTutorials\программы\14. Список\Debug\14. Список.pdb
C:\Users\Денис\Desktop\videoTutorials\программы\14. Список\Debug\14. Список.exe
C:\Users\Денис\Desktop\videoTutorials\программы\14. Список\Debug\14. Список.ilk
