C:\USERS\Денис\DESKTOP\VIDEOTUTORIALS\программы\4\4\DEBUG\SOURCE.OBJ
C:\USERS\ДЕНИС\DESKTOP\VIDEOTUTORIALS\ПРОГРАММЫ\4\4\DEBUG\VC110.PDB
C:\USERS\Денис\DESKTOP\VIDEOTUTORIALS\программы\4\4\DEBUG\4.ILK
C:\USERS\Денис\DESKTOP\VIDEOTUTORIALS\программы\4\4\DEBUG\4.EXE
C:\USERS\ДЕНИС\DESKTOP\VIDEOTUTORIALS\ПРОГРАММЫ\4\4\DEBUG\4.PDB
C:\USERS\Денис\DESKTOP\VIDEOTUTORIALS\программы\3. INT,CHAR,DOUBLE\DEBUG\4.ILK
C:\USERS\Денис\DESKTOP\VIDEOTUTORIALS\программы\3. INT,CHAR,DOUBLE\DEBUG\4.EXE
C:\USERS\ДЕНИС\DESKTOP\VIDEOTUTORIALS\ПРОГРАММЫ\3. INT,CHAR,DOUBLE\DEBUG\4.PDB
C:\Users\Денис\Desktop\videoTutorials\программы\4\4\Debug\Source.obj
C:\Users\Денис\Desktop\videoTutorials\программы\4\4\Debug\4.ilk
C:\Users\Денис\Desktop\videoTutorials\программы\4\4\Debug\cl.command.1.tlog
C:\Users\Денис\Desktop\videoTutorials\программы\4\4\Debug\CL.read.1.tlog
C:\Users\Денис\Desktop\videoTutorials\программы\4\4\Debug\CL.write.1.tlog
C:\Users\Денис\Desktop\videoTutorials\программы\4\4\Debug\link-cvtres.read.1.tlog
C:\Users\Денис\Desktop\videoTutorials\программы\4\4\Debug\link-cvtres.write.1.tlog
C:\Users\Денис\Desktop\videoTutorials\программы\4\4\Debug\link-rc.read.1.tlog
C:\Users\Денис\Desktop\videoTutorials\программы\4\4\Debug\link-rc.write.1.tlog
C:\Users\Денис\Desktop\videoTutorials\программы\4\4\Debug\link.7476-cvtres.read.1.tlog
C:\Users\Денис\Desktop\videoTutorials\программы\4\4\Debug\link.7476-cvtres.write.1.tlog
C:\Users\Денис\Desktop\videoTutorials\программы\4\4\Debug\link.7476-rc.read.1.tlog
C:\Users\Денис\Desktop\videoTutorials\программы\4\4\Debug\link.7476-rc.write.1.tlog
C:\Users\Денис\Desktop\videoTutorials\программы\4\4\Debug\link.7476.read.1.tlog
C:\Users\Денис\Desktop\videoTutorials\программы\4\4\Debug\link.7476.write.1.tlog
C:\Users\Денис\Desktop\videoTutorials\программы\4\4\Debug\link.7568-cvtres.read.1.tlog
C:\Users\Денис\Desktop\videoTutorials\программы\4\4\Debug\link.7568-cvtres.write.1.tlog
C:\Users\Денис\Desktop\videoTutorials\программы\4\4\Debug\link.7568-rc.read.1.tlog
C:\Users\Денис\Desktop\videoTutorials\программы\4\4\Debug\link.7568-rc.write.1.tlog
C:\Users\Денис\Desktop\videoTutorials\программы\4\4\Debug\link.7568.read.1.tlog
C:\Users\Денис\Desktop\videoTutorials\программы\4\4\Debug\link.7568.write.1.tlog
C:\Users\Денис\Desktop\videoTutorials\программы\4\4\Debug\link.command.1.tlog
C:\Users\Денис\Desktop\videoTutorials\программы\4\4\Debug\link.read.1.tlog
C:\Users\Денис\Desktop\videoTutorials\программы\4\4\Debug\link.write.1.tlog
C:\Users\Денис\Desktop\videoTutorials\программы\4\4\Debug\vc110.idb
C:\Users\Денис\Desktop\videoTutorials\программы\4\4\Debug\4.pdb
C:\Users\Денис\Desktop\videoTutorials\программы\4\4\Debug\vc110.pdb
C:\Users\Денис\Desktop\videoTutorials\программы\3. Int,char,double\Debug\4.pdb
C:\Users\Денис\Desktop\videoTutorials\программы\3. Int,char,double\Debug\4.exe
C:\Users\Денис\Desktop\videoTutorials\программы\3. Int,char,double\Debug\4.ilk
