C:\USERS\Денис\DESKTOP\VIDEOTUTORIALS\программы\15. FSTREAM\RECTANGLE\DEBUG\SOURCE.OBJ
C:\USERS\ДЕНИС\DESKTOP\VIDEOTUTORIALS\ПРОГРАММЫ\15. FSTREAM\RECTANGLE\DEBUG\VC110.PDB
C:\USERS\Денис\DESKTOP\VIDEOTUTORIALS\программы\15. FSTREAM\DEBUG\RECTANGLE.ILK
C:\USERS\Денис\DESKTOP\VIDEOTUTORIALS\программы\15. FSTREAM\DEBUG\RECTANGLE.EXE
C:\USERS\ДЕНИС\DESKTOP\VIDEOTUTORIALS\ПРОГРАММЫ\15. FSTREAM\DEBUG\RECTANGLE.PDB
C:\Users\Денис\Desktop\videoTutorials\программы\15. Fstream\Rectangle\Debug\Source.obj
C:\Users\Денис\Desktop\videoTutorials\программы\15. Fstream\Rectangle\Debug\cl.command.1.tlog
C:\Users\Денис\Desktop\videoTutorials\программы\15. Fstream\Rectangle\Debug\CL.read.1.tlog
C:\Users\Денис\Desktop\videoTutorials\программы\15. Fstream\Rectangle\Debug\CL.write.1.tlog
C:\Users\Денис\Desktop\videoTutorials\программы\15. Fstream\Rectangle\Debug\link-cvtres.read.1.tlog
C:\Users\Денис\Desktop\videoTutorials\программы\15. Fstream\Rectangle\Debug\link-cvtres.write.1.tlog
C:\Users\Денис\Desktop\videoTutorials\программы\15. Fstream\Rectangle\Debug\link-rc.read.1.tlog
C:\Users\Денис\Desktop\videoTutorials\программы\15. Fstream\Rectangle\Debug\link-rc.write.1.tlog
C:\Users\Денис\Desktop\videoTutorials\программы\15. Fstream\Rectangle\Debug\link.1252-cvtres.read.1.tlog
C:\Users\Денис\Desktop\videoTutorials\программы\15. Fstream\Rectangle\Debug\link.1252-cvtres.write.1.tlog
C:\Users\Денис\Desktop\videoTutorials\программы\15. Fstream\Rectangle\Debug\link.1252-rc.read.1.tlog
C:\Users\Денис\Desktop\videoTutorials\программы\15. Fstream\Rectangle\Debug\link.1252-rc.write.1.tlog
C:\Users\Денис\Desktop\videoTutorials\программы\15. Fstream\Rectangle\Debug\link.1252.read.1.tlog
C:\Users\Денис\Desktop\videoTutorials\программы\15. Fstream\Rectangle\Debug\link.1252.write.1.tlog
C:\Users\Денис\Desktop\videoTutorials\программы\15. Fstream\Rectangle\Debug\link.command.1.tlog
C:\Users\Денис\Desktop\videoTutorials\программы\15. Fstream\Rectangle\Debug\link.read.1.tlog
C:\Users\Денис\Desktop\videoTutorials\программы\15. Fstream\Rectangle\Debug\link.write.1.tlog
C:\Users\Денис\Desktop\videoTutorials\программы\15. Fstream\Rectangle\Debug\vc110.idb
C:\Users\Денис\Desktop\videoTutorials\программы\15. Fstream\Rectangle\Debug\vc110.pdb
C:\Users\Денис\Desktop\videoTutorials\программы\15. Fstream\Debug\Rectangle.pdb
C:\Users\Денис\Desktop\videoTutorials\программы\15. Fstream\Debug\Rectangle.exe
C:\Users\Денис\Desktop\videoTutorials\программы\15. Fstream\Debug\Rectangle.ilk
