C:\USERS\Денис\DESKTOP\VIDEOTUTORIALS\программы\3. INT,CHAR,DOUBLE\Проценты\DEBUG\SOURCE.OBJ
C:\USERS\ДЕНИС\DESKTOP\VIDEOTUTORIALS\ПРОГРАММЫ\3. INT,CHAR,DOUBLE\ПРОЦЕНТЫ\DEBUG\VC110.PDB
C:\USERS\Денис\DESKTOP\VIDEOTUTORIALS\программы\3. INT,CHAR,DOUBLE\DEBUG\Проценты.ILK
C:\USERS\Денис\DESKTOP\VIDEOTUTORIALS\программы\3. INT,CHAR,DOUBLE\DEBUG\Проценты.EXE
C:\USERS\ДЕНИС\DESKTOP\VIDEOTUTORIALS\ПРОГРАММЫ\3. INT,CHAR,DOUBLE\DEBUG\ПРОЦЕНТЫ.PDB
C:\Users\Денис\Desktop\videoTutorials\программы\3. Int,char,double\Проценты\Debug\Source.obj
C:\Users\Денис\Desktop\videoTutorials\программы\3. Int,char,double\Проценты\Debug\cl.command.1.tlog
C:\Users\Денис\Desktop\videoTutorials\программы\3. Int,char,double\Проценты\Debug\CL.read.1.tlog
C:\Users\Денис\Desktop\videoTutorials\программы\3. Int,char,double\Проценты\Debug\CL.write.1.tlog
C:\Users\Денис\Desktop\videoTutorials\программы\3. Int,char,double\Проценты\Debug\link-cvtres.read.1.tlog
C:\Users\Денис\Desktop\videoTutorials\программы\3. Int,char,double\Проценты\Debug\link-cvtres.write.1.tlog
C:\Users\Денис\Desktop\videoTutorials\программы\3. Int,char,double\Проценты\Debug\link-rc.read.1.tlog
C:\Users\Денис\Desktop\videoTutorials\программы\3. Int,char,double\Проценты\Debug\link-rc.write.1.tlog
C:\Users\Денис\Desktop\videoTutorials\программы\3. Int,char,double\Проценты\Debug\link.command.1.tlog
C:\Users\Денис\Desktop\videoTutorials\программы\3. Int,char,double\Проценты\Debug\link.read.1.tlog
C:\Users\Денис\Desktop\videoTutorials\программы\3. Int,char,double\Проценты\Debug\link.write.1.tlog
C:\Users\Денис\Desktop\videoTutorials\программы\3. Int,char,double\Проценты\Debug\vc110.idb
C:\Users\Денис\Desktop\videoTutorials\программы\3. Int,char,double\Проценты\Debug\vc110.pdb
C:\Users\Денис\Desktop\videoTutorials\программы\3. Int,char,double\Debug\Проценты.pdb
C:\Users\Денис\Desktop\videoTutorials\программы\3. Int,char,double\Debug\Проценты.exe
C:\Users\Денис\Desktop\videoTutorials\программы\3. Int,char,double\Debug\Проценты.ilk
