C:\USERS\Денис\DESKTOP\VIDEOTUTORIALS\программы\3. INT,CHAR,DOUBLE\3. INT,CHAR,DOUBLE\DEBUG\SOURCE.OBJ
C:\USERS\ДЕНИС\DESKTOP\VIDEOTUTORIALS\ПРОГРАММЫ\3. INT,CHAR,DOUBLE\3. INT,CHAR,DOUBLE\DEBUG\VC110.PDB
C:\USERS\Денис\DESKTOP\VIDEOTUTORIALS\программы\3. INT,CHAR,DOUBLE\DEBUG\3. INT,CHAR,DOUBLE.ILK
C:\USERS\Денис\DESKTOP\VIDEOTUTORIALS\программы\3. INT,CHAR,DOUBLE\DEBUG\3. INT,CHAR,DOUBLE.EXE
C:\USERS\ДЕНИС\DESKTOP\VIDEOTUTORIALS\ПРОГРАММЫ\3. INT,CHAR,DOUBLE\DEBUG\3. INT,CHAR,DOUBLE.PDB
C:\Users\Денис\Desktop\videoTutorials\программы\3. Int,char,double\3. Int,char,double\Debug\Source.obj
C:\Users\Денис\Desktop\videoTutorials\программы\3. Int,char,double\3. Int,char,double\Debug\cl.command.1.tlog
C:\Users\Денис\Desktop\videoTutorials\программы\3. Int,char,double\3. Int,char,double\Debug\CL.read.1.tlog
C:\Users\Денис\Desktop\videoTutorials\программы\3. Int,char,double\3. Int,char,double\Debug\CL.write.1.tlog
C:\Users\Денис\Desktop\videoTutorials\программы\3. Int,char,double\3. Int,char,double\Debug\link-cvtres.read.1.tlog
C:\Users\Денис\Desktop\videoTutorials\программы\3. Int,char,double\3. Int,char,double\Debug\link-cvtres.write.1.tlog
C:\Users\Денис\Desktop\videoTutorials\программы\3. Int,char,double\3. Int,char,double\Debug\link-rc.read.1.tlog
C:\Users\Денис\Desktop\videoTutorials\программы\3. Int,char,double\3. Int,char,double\Debug\link-rc.write.1.tlog
C:\Users\Денис\Desktop\videoTutorials\программы\3. Int,char,double\3. Int,char,double\Debug\link.3092-cvtres.read.1.tlog
C:\Users\Денис\Desktop\videoTutorials\программы\3. Int,char,double\3. Int,char,double\Debug\link.3092-cvtres.write.1.tlog
C:\Users\Денис\Desktop\videoTutorials\программы\3. Int,char,double\3. Int,char,double\Debug\link.3092-rc.read.1.tlog
C:\Users\Денис\Desktop\videoTutorials\программы\3. Int,char,double\3. Int,char,double\Debug\link.3092-rc.write.1.tlog
C:\Users\Денис\Desktop\videoTutorials\программы\3. Int,char,double\3. Int,char,double\Debug\link.3092.read.1.tlog
C:\Users\Денис\Desktop\videoTutorials\программы\3. Int,char,double\3. Int,char,double\Debug\link.3092.write.1.tlog
C:\Users\Денис\Desktop\videoTutorials\программы\3. Int,char,double\3. Int,char,double\Debug\link.3300-cvtres.read.1.tlog
C:\Users\Денис\Desktop\videoTutorials\программы\3. Int,char,double\3. Int,char,double\Debug\link.3300-cvtres.write.1.tlog
C:\Users\Денис\Desktop\videoTutorials\программы\3. Int,char,double\3. Int,char,double\Debug\link.3300-rc.read.1.tlog
C:\Users\Денис\Desktop\videoTutorials\программы\3. Int,char,double\3. Int,char,double\Debug\link.3300-rc.write.1.tlog
C:\Users\Денис\Desktop\videoTutorials\программы\3. Int,char,double\3. Int,char,double\Debug\link.3300.read.1.tlog
C:\Users\Денис\Desktop\videoTutorials\программы\3. Int,char,double\3. Int,char,double\Debug\link.3300.write.1.tlog
C:\Users\Денис\Desktop\videoTutorials\программы\3. Int,char,double\3. Int,char,double\Debug\link.6172-cvtres.read.1.tlog
C:\Users\Денис\Desktop\videoTutorials\программы\3. Int,char,double\3. Int,char,double\Debug\link.6172-cvtres.write.1.tlog
C:\Users\Денис\Desktop\videoTutorials\программы\3. Int,char,double\3. Int,char,double\Debug\link.6172-rc.read.1.tlog
C:\Users\Денис\Desktop\videoTutorials\программы\3. Int,char,double\3. Int,char,double\Debug\link.6172-rc.write.1.tlog
C:\Users\Денис\Desktop\videoTutorials\программы\3. Int,char,double\3. Int,char,double\Debug\link.6172.read.1.tlog
C:\Users\Денис\Desktop\videoTutorials\программы\3. Int,char,double\3. Int,char,double\Debug\link.6172.write.1.tlog
C:\Users\Денис\Desktop\videoTutorials\программы\3. Int,char,double\3. Int,char,double\Debug\link.6248-cvtres.read.1.tlog
C:\Users\Денис\Desktop\videoTutorials\программы\3. Int,char,double\3. Int,char,double\Debug\link.6248-cvtres.write.1.tlog
C:\Users\Денис\Desktop\videoTutorials\программы\3. Int,char,double\3. Int,char,double\Debug\link.6248-rc.read.1.tlog
C:\Users\Денис\Desktop\videoTutorials\программы\3. Int,char,double\3. Int,char,double\Debug\link.6248-rc.write.1.tlog
C:\Users\Денис\Desktop\videoTutorials\программы\3. Int,char,double\3. Int,char,double\Debug\link.6248.read.1.tlog
C:\Users\Денис\Desktop\videoTutorials\программы\3. Int,char,double\3. Int,char,double\Debug\link.6248.write.1.tlog
C:\Users\Денис\Desktop\videoTutorials\программы\3. Int,char,double\3. Int,char,double\Debug\link.6944-cvtres.read.1.tlog
C:\Users\Денис\Desktop\videoTutorials\программы\3. Int,char,double\3. Int,char,double\Debug\link.6944-cvtres.write.1.tlog
C:\Users\Денис\Desktop\videoTutorials\программы\3. Int,char,double\3. Int,char,double\Debug\link.6944-rc.read.1.tlog
C:\Users\Денис\Desktop\videoTutorials\программы\3. Int,char,double\3. Int,char,double\Debug\link.6944-rc.write.1.tlog
C:\Users\Денис\Desktop\videoTutorials\программы\3. Int,char,double\3. Int,char,double\Debug\link.6944.read.1.tlog
C:\Users\Денис\Desktop\videoTutorials\программы\3. Int,char,double\3. Int,char,double\Debug\link.6944.write.1.tlog
C:\Users\Денис\Desktop\videoTutorials\программы\3. Int,char,double\3. Int,char,double\Debug\link.7384-cvtres.read.1.tlog
C:\Users\Денис\Desktop\videoTutorials\программы\3. Int,char,double\3. Int,char,double\Debug\link.7384-cvtres.write.1.tlog
C:\Users\Денис\Desktop\videoTutorials\программы\3. Int,char,double\3. Int,char,double\Debug\link.7384-rc.read.1.tlog
C:\Users\Денис\Desktop\videoTutorials\программы\3. Int,char,double\3. Int,char,double\Debug\link.7384-rc.write.1.tlog
C:\Users\Денис\Desktop\videoTutorials\программы\3. Int,char,double\3. Int,char,double\Debug\link.7384.read.1.tlog
C:\Users\Денис\Desktop\videoTutorials\программы\3. Int,char,double\3. Int,char,double\Debug\link.7384.write.1.tlog
C:\Users\Денис\Desktop\videoTutorials\программы\3. Int,char,double\3. Int,char,double\Debug\link.7456-cvtres.read.1.tlog
C:\Users\Денис\Desktop\videoTutorials\программы\3. Int,char,double\3. Int,char,double\Debug\link.7456-cvtres.write.1.tlog
C:\Users\Денис\Desktop\videoTutorials\программы\3. Int,char,double\3. Int,char,double\Debug\link.7456-rc.read.1.tlog
C:\Users\Денис\Desktop\videoTutorials\программы\3. Int,char,double\3. Int,char,double\Debug\link.7456-rc.write.1.tlog
C:\Users\Денис\Desktop\videoTutorials\программы\3. Int,char,double\3. Int,char,double\Debug\link.7456.read.1.tlog
C:\Users\Денис\Desktop\videoTutorials\программы\3. Int,char,double\3. Int,char,double\Debug\link.7456.write.1.tlog
C:\Users\Денис\Desktop\videoTutorials\программы\3. Int,char,double\3. Int,char,double\Debug\link.7488-cvtres.read.1.tlog
C:\Users\Денис\Desktop\videoTutorials\программы\3. Int,char,double\3. Int,char,double\Debug\link.7488-cvtres.write.1.tlog
C:\Users\Денис\Desktop\videoTutorials\программы\3. Int,char,double\3. Int,char,double\Debug\link.7488-rc.read.1.tlog
C:\Users\Денис\Desktop\videoTutorials\программы\3. Int,char,double\3. Int,char,double\Debug\link.7488-rc.write.1.tlog
C:\Users\Денис\Desktop\videoTutorials\программы\3. Int,char,double\3. Int,char,double\Debug\link.7488.read.1.tlog
C:\Users\Денис\Desktop\videoTutorials\программы\3. Int,char,double\3. Int,char,double\Debug\link.7488.write.1.tlog
C:\Users\Денис\Desktop\videoTutorials\программы\3. Int,char,double\3. Int,char,double\Debug\link.7584-cvtres.read.1.tlog
C:\Users\Денис\Desktop\videoTutorials\программы\3. Int,char,double\3. Int,char,double\Debug\link.7584-cvtres.write.1.tlog
C:\Users\Денис\Desktop\videoTutorials\программы\3. Int,char,double\3. Int,char,double\Debug\link.7584-rc.read.1.tlog
C:\Users\Денис\Desktop\videoTutorials\программы\3. Int,char,double\3. Int,char,double\Debug\link.7584-rc.write.1.tlog
C:\Users\Денис\Desktop\videoTutorials\программы\3. Int,char,double\3. Int,char,double\Debug\link.7584.read.1.tlog
C:\Users\Денис\Desktop\videoTutorials\программы\3. Int,char,double\3. Int,char,double\Debug\link.7584.write.1.tlog
C:\Users\Денис\Desktop\videoTutorials\программы\3. Int,char,double\3. Int,char,double\Debug\link.7720-cvtres.read.1.tlog
C:\Users\Денис\Desktop\videoTutorials\программы\3. Int,char,double\3. Int,char,double\Debug\link.7720-cvtres.write.1.tlog
C:\Users\Денис\Desktop\videoTutorials\программы\3. Int,char,double\3. Int,char,double\Debug\link.7720-rc.read.1.tlog
C:\Users\Денис\Desktop\videoTutorials\программы\3. Int,char,double\3. Int,char,double\Debug\link.7720-rc.write.1.tlog
C:\Users\Денис\Desktop\videoTutorials\программы\3. Int,char,double\3. Int,char,double\Debug\link.7720.read.1.tlog
C:\Users\Денис\Desktop\videoTutorials\программы\3. Int,char,double\3. Int,char,double\Debug\link.7720.write.1.tlog
C:\Users\Денис\Desktop\videoTutorials\программы\3. Int,char,double\3. Int,char,double\Debug\link.7936-cvtres.read.1.tlog
C:\Users\Денис\Desktop\videoTutorials\программы\3. Int,char,double\3. Int,char,double\Debug\link.7936-cvtres.write.1.tlog
C:\Users\Денис\Desktop\videoTutorials\программы\3. Int,char,double\3. Int,char,double\Debug\link.7936-rc.read.1.tlog
C:\Users\Денис\Desktop\videoTutorials\программы\3. Int,char,double\3. Int,char,double\Debug\link.7936-rc.write.1.tlog
C:\Users\Денис\Desktop\videoTutorials\программы\3. Int,char,double\3. Int,char,double\Debug\link.7936.read.1.tlog
C:\Users\Денис\Desktop\videoTutorials\программы\3. Int,char,double\3. Int,char,double\Debug\link.7936.write.1.tlog
C:\Users\Денис\Desktop\videoTutorials\программы\3. Int,char,double\3. Int,char,double\Debug\link.command.1.tlog
C:\Users\Денис\Desktop\videoTutorials\программы\3. Int,char,double\3. Int,char,double\Debug\link.read.1.tlog
C:\Users\Денис\Desktop\videoTutorials\программы\3. Int,char,double\3. Int,char,double\Debug\link.write.1.tlog
C:\Users\Денис\Desktop\videoTutorials\программы\3. Int,char,double\3. Int,char,double\Debug\vc110.idb
C:\Users\Денис\Desktop\videoTutorials\программы\3. Int,char,double\3. Int,char,double\Debug\vc110.pdb
C:\Users\Денис\Desktop\videoTutorials\программы\3. Int,char,double\Debug\3. Int,char,double.pdb
C:\Users\Денис\Desktop\videoTutorials\программы\3. Int,char,double\Debug\3. Int,char,double.exe
C:\Users\Денис\Desktop\videoTutorials\программы\3. Int,char,double\Debug\3. Int,char,double.ilk
