C:\USERS\Денис\DESKTOP\VIDEOTUTORIALS\программы\19.CLASS\19.CLASS\RELEASE\SOURCE.OBJ
C:\USERS\Денис\DESKTOP\VIDEOTUTORIALS\программы\19.CLASS\19.CLASS\RELEASE\ACCOUNT.OBJ
C:\USERS\ДЕНИС\DESKTOP\VIDEOTUTORIALS\ПРОГРАММЫ\19.CLASS\19.CLASS\RELEASE\VC110.PDB
C:\USERS\Денис\DESKTOP\VIDEOTUTORIALS\программы\19.CLASS\RELEASE\19.CLASS.EXE
C:\USERS\ДЕНИС\DESKTOP\VIDEOTUTORIALS\ПРОГРАММЫ\19.CLASS\RELEASE\19.CLASS.PDB
C:\Users\Денис\Desktop\videoTutorials\программы\19.Class\19.Class\Release\Account.obj
C:\Users\Денис\Desktop\videoTutorials\программы\19.Class\19.Class\Release\Source.obj
C:\Users\Денис\Desktop\videoTutorials\программы\19.Class\19.Class\Release\cl.command.1.tlog
C:\Users\Денис\Desktop\videoTutorials\программы\19.Class\19.Class\Release\CL.read.1.tlog
C:\Users\Денис\Desktop\videoTutorials\программы\19.Class\19.Class\Release\CL.write.1.tlog
C:\Users\Денис\Desktop\videoTutorials\программы\19.Class\19.Class\Release\link-cvtres.read.1.tlog
C:\Users\Денис\Desktop\videoTutorials\программы\19.Class\19.Class\Release\link-cvtres.write.1.tlog
C:\Users\Денис\Desktop\videoTutorials\программы\19.Class\19.Class\Release\link-rc.read.1.tlog
C:\Users\Денис\Desktop\videoTutorials\программы\19.Class\19.Class\Release\link-rc.write.1.tlog
C:\Users\Денис\Desktop\videoTutorials\программы\19.Class\19.Class\Release\link.command.1.tlog
C:\Users\Денис\Desktop\videoTutorials\программы\19.Class\19.Class\Release\link.read.1.tlog
C:\Users\Денис\Desktop\videoTutorials\программы\19.Class\19.Class\Release\link.write.1.tlog
C:\Users\Денис\Desktop\videoTutorials\программы\19.Class\19.Class\Release\vc110.pdb
C:\Users\Денис\Desktop\videoTutorials\программы\19.Class\Release\19.Class.pdb
C:\Users\Денис\Desktop\videoTutorials\программы\19.Class\Release\19.Class.exe
