C:\USERS\Денис\DESKTOP\VIDEOTUTORIALS\программы\15. FSTREAM\15. FSTREAM\DEBUG\SOURCE.OBJ
C:\USERS\ДЕНИС\DESKTOP\VIDEOTUTORIALS\ПРОГРАММЫ\15. FSTREAM\15. FSTREAM\DEBUG\VC110.PDB
C:\USERS\Денис\DESKTOP\VIDEOTUTORIALS\программы\15. FSTREAM\DEBUG\15. FSTREAM.ILK
C:\USERS\Денис\DESKTOP\VIDEOTUTORIALS\программы\15. FSTREAM\DEBUG\15. FSTREAM.EXE
C:\USERS\ДЕНИС\DESKTOP\VIDEOTUTORIALS\ПРОГРАММЫ\15. FSTREAM\DEBUG\15. FSTREAM.PDB
C:\Users\Денис\Desktop\videoTutorials\программы\15. Fstream\15. Fstream\Debug\Source.obj
C:\Users\Денис\Desktop\videoTutorials\программы\15. Fstream\15. Fstream\Debug\cl.command.1.tlog
C:\Users\Денис\Desktop\videoTutorials\программы\15. Fstream\15. Fstream\Debug\CL.read.1.tlog
C:\Users\Денис\Desktop\videoTutorials\программы\15. Fstream\15. Fstream\Debug\CL.write.1.tlog
C:\Users\Денис\Desktop\videoTutorials\программы\15. Fstream\15. Fstream\Debug\link-cvtres.read.1.tlog
C:\Users\Денис\Desktop\videoTutorials\программы\15. Fstream\15. Fstream\Debug\link-cvtres.write.1.tlog
C:\Users\Денис\Desktop\videoTutorials\программы\15. Fstream\15. Fstream\Debug\link-rc.read.1.tlog
C:\Users\Денис\Desktop\videoTutorials\программы\15. Fstream\15. Fstream\Debug\link-rc.write.1.tlog
C:\Users\Денис\Desktop\videoTutorials\программы\15. Fstream\15. Fstream\Debug\link.1064-cvtres.read.1.tlog
C:\Users\Денис\Desktop\videoTutorials\программы\15. Fstream\15. Fstream\Debug\link.1064-cvtres.write.1.tlog
C:\Users\Денис\Desktop\videoTutorials\программы\15. Fstream\15. Fstream\Debug\link.1064-rc.read.1.tlog
C:\Users\Денис\Desktop\videoTutorials\программы\15. Fstream\15. Fstream\Debug\link.1064-rc.write.1.tlog
C:\Users\Денис\Desktop\videoTutorials\программы\15. Fstream\15. Fstream\Debug\link.1064.read.1.tlog
C:\Users\Денис\Desktop\videoTutorials\программы\15. Fstream\15. Fstream\Debug\link.1064.write.1.tlog
C:\Users\Денис\Desktop\videoTutorials\программы\15. Fstream\15. Fstream\Debug\link.1492-cvtres.read.1.tlog
C:\Users\Денис\Desktop\videoTutorials\программы\15. Fstream\15. Fstream\Debug\link.1492-cvtres.write.1.tlog
C:\Users\Денис\Desktop\videoTutorials\программы\15. Fstream\15. Fstream\Debug\link.1492-rc.read.1.tlog
C:\Users\Денис\Desktop\videoTutorials\программы\15. Fstream\15. Fstream\Debug\link.1492-rc.write.1.tlog
C:\Users\Денис\Desktop\videoTutorials\программы\15. Fstream\15. Fstream\Debug\link.1492.read.1.tlog
C:\Users\Денис\Desktop\videoTutorials\программы\15. Fstream\15. Fstream\Debug\link.1492.write.1.tlog
C:\Users\Денис\Desktop\videoTutorials\программы\15. Fstream\15. Fstream\Debug\link.1520-cvtres.read.1.tlog
C:\Users\Денис\Desktop\videoTutorials\программы\15. Fstream\15. Fstream\Debug\link.1520-cvtres.write.1.tlog
C:\Users\Денис\Desktop\videoTutorials\программы\15. Fstream\15. Fstream\Debug\link.1520-rc.read.1.tlog
C:\Users\Денис\Desktop\videoTutorials\программы\15. Fstream\15. Fstream\Debug\link.1520-rc.write.1.tlog
C:\Users\Денис\Desktop\videoTutorials\программы\15. Fstream\15. Fstream\Debug\link.1520.read.1.tlog
C:\Users\Денис\Desktop\videoTutorials\программы\15. Fstream\15. Fstream\Debug\link.1520.write.1.tlog
C:\Users\Денис\Desktop\videoTutorials\программы\15. Fstream\15. Fstream\Debug\link.3664-cvtres.read.1.tlog
C:\Users\Денис\Desktop\videoTutorials\программы\15. Fstream\15. Fstream\Debug\link.3664-cvtres.write.1.tlog
C:\Users\Денис\Desktop\videoTutorials\программы\15. Fstream\15. Fstream\Debug\link.3664-rc.read.1.tlog
C:\Users\Денис\Desktop\videoTutorials\программы\15. Fstream\15. Fstream\Debug\link.3664-rc.write.1.tlog
C:\Users\Денис\Desktop\videoTutorials\программы\15. Fstream\15. Fstream\Debug\link.3664.read.1.tlog
C:\Users\Денис\Desktop\videoTutorials\программы\15. Fstream\15. Fstream\Debug\link.3664.write.1.tlog
C:\Users\Денис\Desktop\videoTutorials\программы\15. Fstream\15. Fstream\Debug\link.4476-cvtres.read.1.tlog
C:\Users\Денис\Desktop\videoTutorials\программы\15. Fstream\15. Fstream\Debug\link.4476-cvtres.write.1.tlog
C:\Users\Денис\Desktop\videoTutorials\программы\15. Fstream\15. Fstream\Debug\link.4476-rc.read.1.tlog
C:\Users\Денис\Desktop\videoTutorials\программы\15. Fstream\15. Fstream\Debug\link.4476-rc.write.1.tlog
C:\Users\Денис\Desktop\videoTutorials\программы\15. Fstream\15. Fstream\Debug\link.4476.read.1.tlog
C:\Users\Денис\Desktop\videoTutorials\программы\15. Fstream\15. Fstream\Debug\link.4476.write.1.tlog
C:\Users\Денис\Desktop\videoTutorials\программы\15. Fstream\15. Fstream\Debug\link.4968-cvtres.read.1.tlog
C:\Users\Денис\Desktop\videoTutorials\программы\15. Fstream\15. Fstream\Debug\link.4968-cvtres.write.1.tlog
C:\Users\Денис\Desktop\videoTutorials\программы\15. Fstream\15. Fstream\Debug\link.4968-rc.read.1.tlog
C:\Users\Денис\Desktop\videoTutorials\программы\15. Fstream\15. Fstream\Debug\link.4968-rc.write.1.tlog
C:\Users\Денис\Desktop\videoTutorials\программы\15. Fstream\15. Fstream\Debug\link.4968.read.1.tlog
C:\Users\Денис\Desktop\videoTutorials\программы\15. Fstream\15. Fstream\Debug\link.4968.write.1.tlog
C:\Users\Денис\Desktop\videoTutorials\программы\15. Fstream\15. Fstream\Debug\link.command.1.tlog
C:\Users\Денис\Desktop\videoTutorials\программы\15. Fstream\15. Fstream\Debug\link.read.1.tlog
C:\Users\Денис\Desktop\videoTutorials\программы\15. Fstream\15. Fstream\Debug\link.write.1.tlog
C:\Users\Денис\Desktop\videoTutorials\программы\15. Fstream\15. Fstream\Debug\vc110.idb
C:\Users\Денис\Desktop\videoTutorials\программы\15. Fstream\15. Fstream\Debug\vc110.pdb
C:\Users\Денис\Desktop\videoTutorials\программы\15. Fstream\Debug\15. Fstream.pdb
C:\Users\Денис\Desktop\videoTutorials\программы\15. Fstream\Debug\15. Fstream.exe
C:\Users\Денис\Desktop\videoTutorials\программы\15. Fstream\Debug\15. Fstream.ilk
