C:\USERS\Денис\DESKTOP\VIDEOTUTORIALS\программы\23. Наследование\23. Наследование\DEBUG\FIGURA.OBJ
C:\USERS\Денис\DESKTOP\VIDEOTUTORIALS\программы\23. Наследование\23. Наследование\DEBUG\SOURCE.OBJ
C:\USERS\ДЕНИС\DESKTOP\VIDEOTUTORIALS\ПРОГРАММЫ\23. НАСЛЕДОВАНИЕ\23. НАСЛЕДОВАНИЕ\DEBUG\VC110.PDB
C:\USERS\Денис\DESKTOP\VIDEOTUTORIALS\программы\23. Наследование\DEBUG\23. Наследование.ILK
C:\USERS\Денис\DESKTOP\VIDEOTUTORIALS\программы\23. Наследование\DEBUG\23. Наследование.EXE
C:\USERS\ДЕНИС\DESKTOP\VIDEOTUTORIALS\ПРОГРАММЫ\23. НАСЛЕДОВАНИЕ\DEBUG\23. НАСЛЕДОВАНИЕ.PDB
C:\Users\Денис\Desktop\videoTutorials\программы\23. Наследование\23. Наследование\Debug\figura.obj
C:\Users\Денис\Desktop\videoTutorials\программы\23. Наследование\23. Наследование\Debug\Source.obj
C:\Users\Денис\Desktop\videoTutorials\программы\23. Наследование\23. Наследование\Debug\cl.command.1.tlog
C:\Users\Денис\Desktop\videoTutorials\программы\23. Наследование\23. Наследование\Debug\CL.read.1.tlog
C:\Users\Денис\Desktop\videoTutorials\программы\23. Наследование\23. Наследование\Debug\CL.write.1.tlog
C:\Users\Денис\Desktop\videoTutorials\программы\23. Наследование\23. Наследование\Debug\link-cvtres.read.1.tlog
C:\Users\Денис\Desktop\videoTutorials\программы\23. Наследование\23. Наследование\Debug\link-cvtres.write.1.tlog
C:\Users\Денис\Desktop\videoTutorials\программы\23. Наследование\23. Наследование\Debug\link-rc.read.1.tlog
C:\Users\Денис\Desktop\videoTutorials\программы\23. Наследование\23. Наследование\Debug\link-rc.write.1.tlog
C:\Users\Денис\Desktop\videoTutorials\программы\23. Наследование\23. Наследование\Debug\link.2992-cvtres.read.1.tlog
C:\Users\Денис\Desktop\videoTutorials\программы\23. Наследование\23. Наследование\Debug\link.2992-cvtres.write.1.tlog
C:\Users\Денис\Desktop\videoTutorials\программы\23. Наследование\23. Наследование\Debug\link.2992-rc.read.1.tlog
C:\Users\Денис\Desktop\videoTutorials\программы\23. Наследование\23. Наследование\Debug\link.2992-rc.write.1.tlog
C:\Users\Денис\Desktop\videoTutorials\программы\23. Наследование\23. Наследование\Debug\link.2992.read.1.tlog
C:\Users\Денис\Desktop\videoTutorials\программы\23. Наследование\23. Наследование\Debug\link.2992.write.1.tlog
C:\Users\Денис\Desktop\videoTutorials\программы\23. Наследование\23. Наследование\Debug\link.4560-cvtres.read.1.tlog
C:\Users\Денис\Desktop\videoTutorials\программы\23. Наследование\23. Наследование\Debug\link.4560-cvtres.write.1.tlog
C:\Users\Денис\Desktop\videoTutorials\программы\23. Наследование\23. Наследование\Debug\link.4560-rc.read.1.tlog
C:\Users\Денис\Desktop\videoTutorials\программы\23. Наследование\23. Наследование\Debug\link.4560-rc.write.1.tlog
C:\Users\Денис\Desktop\videoTutorials\программы\23. Наследование\23. Наследование\Debug\link.4560.read.1.tlog
C:\Users\Денис\Desktop\videoTutorials\программы\23. Наследование\23. Наследование\Debug\link.4560.write.1.tlog
C:\Users\Денис\Desktop\videoTutorials\программы\23. Наследование\23. Наследование\Debug\link.4832-cvtres.read.1.tlog
C:\Users\Денис\Desktop\videoTutorials\программы\23. Наследование\23. Наследование\Debug\link.4832-cvtres.write.1.tlog
C:\Users\Денис\Desktop\videoTutorials\программы\23. Наследование\23. Наследование\Debug\link.4832-rc.read.1.tlog
C:\Users\Денис\Desktop\videoTutorials\программы\23. Наследование\23. Наследование\Debug\link.4832-rc.write.1.tlog
C:\Users\Денис\Desktop\videoTutorials\программы\23. Наследование\23. Наследование\Debug\link.4832.read.1.tlog
C:\Users\Денис\Desktop\videoTutorials\программы\23. Наследование\23. Наследование\Debug\link.4832.write.1.tlog
C:\Users\Денис\Desktop\videoTutorials\программы\23. Наследование\23. Наследование\Debug\link.command.1.tlog
C:\Users\Денис\Desktop\videoTutorials\программы\23. Наследование\23. Наследование\Debug\link.read.1.tlog
C:\Users\Денис\Desktop\videoTutorials\программы\23. Наследование\23. Наследование\Debug\link.write.1.tlog
C:\Users\Денис\Desktop\videoTutorials\программы\23. Наследование\23. Наследование\Debug\vc110.idb
C:\Users\Денис\Desktop\videoTutorials\программы\23. Наследование\23. Наследование\Debug\vc110.pdb
C:\Users\Денис\Desktop\videoTutorials\программы\23. Наследование\Debug\23. Наследование.pdb
C:\Users\Денис\Desktop\videoTutorials\программы\23. Наследование\Debug\23. Наследование.exe
C:\Users\Денис\Desktop\videoTutorials\программы\23. Наследование\Debug\23. Наследование.ilk
