C:\USERS\ДЕНИС\DESKTOP\VIDEOTUTORIALS\ПРОГРАММЫ\3. INT,CHAR,DOUBLE\ДЕНЬГИ\DEBUG\VC110.PDB
C:\USERS\Денис\DESKTOP\VIDEOTUTORIALS\программы\3. INT,CHAR,DOUBLE\Деньги\DEBUG\SOURCE.OBJ
C:\USERS\Денис\DESKTOP\VIDEOTUTORIALS\программы\3. INT,CHAR,DOUBLE\DEBUG\Деньги.ILK
C:\USERS\Денис\DESKTOP\VIDEOTUTORIALS\программы\3. INT,CHAR,DOUBLE\DEBUG\Деньги.EXE
C:\USERS\ДЕНИС\DESKTOP\VIDEOTUTORIALS\ПРОГРАММЫ\3. INT,CHAR,DOUBLE\DEBUG\ДЕНЬГИ.PDB
C:\Users\Денис\Desktop\videoTutorials\программы\3. Int,char,double\Деньги\Debug\Source.obj
C:\Users\Денис\Desktop\videoTutorials\программы\3. Int,char,double\Деньги\Debug\cl.command.1.tlog
C:\Users\Денис\Desktop\videoTutorials\программы\3. Int,char,double\Деньги\Debug\CL.read.1.tlog
C:\Users\Денис\Desktop\videoTutorials\программы\3. Int,char,double\Деньги\Debug\CL.write.1.tlog
C:\Users\Денис\Desktop\videoTutorials\программы\3. Int,char,double\Деньги\Debug\link-cvtres.read.1.tlog
C:\Users\Денис\Desktop\videoTutorials\программы\3. Int,char,double\Деньги\Debug\link-cvtres.write.1.tlog
C:\Users\Денис\Desktop\videoTutorials\программы\3. Int,char,double\Деньги\Debug\link-rc.read.1.tlog
C:\Users\Денис\Desktop\videoTutorials\программы\3. Int,char,double\Деньги\Debug\link-rc.write.1.tlog
C:\Users\Денис\Desktop\videoTutorials\программы\3. Int,char,double\Деньги\Debug\link.command.1.tlog
C:\Users\Денис\Desktop\videoTutorials\программы\3. Int,char,double\Деньги\Debug\link.read.1.tlog
C:\Users\Денис\Desktop\videoTutorials\программы\3. Int,char,double\Деньги\Debug\link.write.1.tlog
C:\Users\Денис\Desktop\videoTutorials\программы\3. Int,char,double\Деньги\Debug\vc110.idb
C:\Users\Денис\Desktop\videoTutorials\программы\3. Int,char,double\Деньги\Debug\vc110.pdb
C:\Users\Денис\Desktop\videoTutorials\программы\3. Int,char,double\Debug\Деньги.pdb
C:\Users\Денис\Desktop\videoTutorials\программы\3. Int,char,double\Debug\Деньги.exe
C:\Users\Денис\Desktop\videoTutorials\программы\3. Int,char,double\Debug\Деньги.ilk
