C:\USERS\Денис\DESKTOP\VIDEOTUTORIALS\программы\16. TEMPLATE\16. TEMPLATE\DEBUG\SOURCE.OBJ
C:\USERS\ДЕНИС\DESKTOP\VIDEOTUTORIALS\ПРОГРАММЫ\16. TEMPLATE\16. TEMPLATE\DEBUG\VC110.PDB
C:\USERS\Денис\DESKTOP\VIDEOTUTORIALS\программы\16. TEMPLATE\DEBUG\16. TEMPLATE.ILK
C:\USERS\Денис\DESKTOP\VIDEOTUTORIALS\программы\16. TEMPLATE\DEBUG\16. TEMPLATE.EXE
C:\USERS\ДЕНИС\DESKTOP\VIDEOTUTORIALS\ПРОГРАММЫ\16. TEMPLATE\DEBUG\16. TEMPLATE.PDB
C:\Users\Денис\Desktop\videoTutorials\программы\16. Template\16. Template\Debug\cl.command.1.tlog
C:\Users\Денис\Desktop\videoTutorials\программы\16. Template\16. Template\Debug\CL.read.1.tlog
C:\Users\Денис\Desktop\videoTutorials\программы\16. Template\16. Template\Debug\CL.write.1.tlog
C:\Users\Денис\Desktop\videoTutorials\программы\16. Template\16. Template\Debug\link-cvtres.read.1.tlog
C:\Users\Денис\Desktop\videoTutorials\программы\16. Template\16. Template\Debug\link-cvtres.write.1.tlog
C:\Users\Денис\Desktop\videoTutorials\программы\16. Template\16. Template\Debug\link-rc.read.1.tlog
C:\Users\Денис\Desktop\videoTutorials\программы\16. Template\16. Template\Debug\link-rc.write.1.tlog
C:\Users\Денис\Desktop\videoTutorials\программы\16. Template\16. Template\Debug\link.command.1.tlog
C:\Users\Денис\Desktop\videoTutorials\программы\16. Template\16. Template\Debug\link.read.1.tlog
C:\Users\Денис\Desktop\videoTutorials\программы\16. Template\16. Template\Debug\link.write.1.tlog
C:\Users\Денис\Desktop\videoTutorials\программы\16. Template\16. Template\Debug\vc110.idb
C:\Users\Денис\Desktop\videoTutorials\программы\16. Template\16. Template\Debug\vc110.pdb
C:\Users\Денис\Desktop\videoTutorials\программы\16. Template\Debug\16. Template.pdb
C:\Users\Денис\Desktop\videoTutorials\программы\16. Template\Debug\16. Template.exe
C:\Users\Денис\Desktop\videoTutorials\программы\16. Template\Debug\16. Template.ilk
